New_certi/app/build/intermediates/manifest_merge_blame_file/debug/manifest-merger-blame-debug-report.txt
1<?xml version="1.0" encoding="utf-8"?>
2<manifest xmlns:android="http://schemas.android.com/apk/res/android"
3    package="com.example.new_certi"
4    android:versionCode="1"
5    android:versionName="1.0" >
6
7    <uses-sdk
8        android:minSdkVersion="21"
8-->src\main\AndroidManifest.xml
9        android:targetSdkVersion="34" />
9-->src\main\AndroidManifest.xml
10
11    <uses-permission android:name="android.permission.ACCESS_NETWORK_STATE" />
11-->src\main\AndroidManifest.xml:5:5-79
11-->src\main\AndroidManifest.xml:5:22-76
12    <uses-permission android:name="android.permission.INTERNET" />
12-->src\main\AndroidManifest.xml:6:5-66
12-->src\main\AndroidManifest.xml:6:22-64
13
14    <permission
14-->[androidx.core:core:1.9.0] AndroidManifest.xml:22:5-24:47
15        android:name="com.example.new_certi.DYNAMIC_RECEIVER_NOT_EXPORTED_PERMISSION"
15-->[androidx.core:core:1.9.0] AndroidManifest.xml:23:9-81
16        android:protectionLevel="signature" />
16-->[androidx.core:core:1.9.0] AndroidManifest.xml:24:9-44
17
18    <uses-permission android:name="com.example.new_certi.DYNAMIC_RECEIVER_NOT_EXPORTED_PERMISSION" />
18-->[androidx.core:core:1.9.0] AndroidManifest.xml:26:5-97
18-->[androidx.core:core:1.9.0] AndroidManifest.xml:26:22-94
19
20    <application
20-->src\main\AndroidManifest.xml:8:5-82:19
21        android:allowBackup="true"
21-->src\main\AndroidManifest.xml:9:9-35
22        android:appComponentFactory="androidx.core.app.CoreComponentFactory"
22-->[androidx.core:core:1.9.0] AndroidManifest.xml:28:18-86
23        android:dataExtractionRules="@xml/data_extraction_rules"
23-->src\main\AndroidManifest.xml:10:9-65
24        android:debuggable="true"
25        android:fullBackupContent="@xml/backup_rules"
25-->src\main\AndroidManifest.xml:11:9-54
26        android:icon="@mipmap/ic_launcher"
26-->src\main\AndroidManifest.xml:12:9-43
27        android:label="MeraCerti"
27-->src\main\AndroidManifest.xml:13:9-34
28        android:roundIcon="@mipmap/ic_launcher_round"
28-->src\main\AndroidManifest.xml:14:9-54
29        android:supportsRtl="true"
29-->src\main\AndroidManifest.xml:15:9-35
30        android:theme="@style/Theme.New_certi" >
30-->src\main\AndroidManifest.xml:16:9-47
31        <activity
31-->src\main\AndroidManifest.xml:18:9-20:40
32            android:name="com.example.new_certi.payment"
32-->src\main\AndroidManifest.xml:19:13-36
33            android:exported="false" />
33-->src\main\AndroidManifest.xml:20:13-37
34        <activity
34-->src\main\AndroidManifest.xml:21:9-23:40
35            android:name="com.example.new_certi.MainActivity"
35-->src\main\AndroidManifest.xml:22:13-41
36            android:exported="false" />
36-->src\main\AndroidManifest.xml:23:13-37
37        <activity
37-->src\main\AndroidManifest.xml:24:9-26:40
38            android:name="com.example.new_certi.page14"
38-->src\main\AndroidManifest.xml:25:13-35
39            android:exported="false" />
39-->src\main\AndroidManifest.xml:26:13-37
40        <activity
40-->src\main\AndroidManifest.xml:27:9-29:40
41            android:name="com.example.new_certi.page13"
41-->src\main\AndroidManifest.xml:28:13-35
42            android:exported="false" />
42-->src\main\AndroidManifest.xml:29:13-37
43        <activity
43-->src\main\AndroidManifest.xml:30:9-32:40
44            android:name="com.example.new_certi.page12"
44-->src\main\AndroidManifest.xml:31:13-35
45            android:exported="false" />
45-->src\main\AndroidManifest.xml:32:13-37
46        <activity
46-->src\main\AndroidManifest.xml:33:9-35:40
47            android:name="com.example.new_certi.page11"
47-->src\main\AndroidManifest.xml:34:13-35
48            android:exported="false" />
48-->src\main\AndroidManifest.xml:35:13-37
49        <activity
49-->src\main\AndroidManifest.xml:36:9-38:40
50            android:name="com.example.new_certi.page10"
50-->src\main\AndroidManifest.xml:37:13-35
51            android:exported="false" />
51-->src\main\AndroidManifest.xml:38:13-37
52        <activity
52-->src\main\AndroidManifest.xml:39:9-41:40
53            android:name="com.example.new_certi.page9_check_status"
53-->src\main\AndroidManifest.xml:40:13-47
54            android:exported="false" />
54-->src\main\AndroidManifest.xml:41:13-37
55        <activity
55-->src\main\AndroidManifest.xml:42:9-44:40
56            android:name="com.example.new_certi.page9_proceed_EWS_certi"
56-->src\main\AndroidManifest.xml:43:13-52
57            android:exported="false" />
57-->src\main\AndroidManifest.xml:44:13-37
58        <activity
58-->src\main\AndroidManifest.xml:45:9-47:40
59            android:name="com.example.new_certi.page9_documents_needed"
59-->src\main\AndroidManifest.xml:46:13-51
60            android:exported="false" />
60-->src\main\AndroidManifest.xml:47:13-37
61        <activity
61-->src\main\AndroidManifest.xml:48:9-50:40
62            android:name="com.example.new_certi.page9_step_wise_procedure"
62-->src\main\AndroidManifest.xml:49:13-54
63            android:exported="false" />
63-->src\main\AndroidManifest.xml:50:13-37
64        <activity
64-->src\main\AndroidManifest.xml:51:9-53:40
65            android:name="com.example.new_certi.page9_detailed_elegibility"
65-->src\main\AndroidManifest.xml:52:13-55
66            android:exported="false" />
66-->src\main\AndroidManifest.xml:53:13-37
67        <activity
67-->src\main\AndroidManifest.xml:54:9-56:40
68            android:name="com.example.new_certi.page8"
68-->src\main\AndroidManifest.xml:55:13-34
69            android:exported="false" />
69-->src\main\AndroidManifest.xml:56:13-37
70        <activity
70-->src\main\AndroidManifest.xml:57:9-59:40
71            android:name="com.example.new_certi.page7"
71-->src\main\AndroidManifest.xml:58:13-34
72            android:exported="false" />
72-->src\main\AndroidManifest.xml:59:13-37
73        <activity
73-->src\main\AndroidManifest.xml:60:9-62:40
74            android:name="com.example.new_certi.page6"
74-->src\main\AndroidManifest.xml:61:13-34
75            android:exported="false" />
75-->src\main\AndroidManifest.xml:62:13-37
76        <activity
76-->src\main\AndroidManifest.xml:63:9-65:40
77            android:name="com.example.new_certi.page4"
77-->src\main\AndroidManifest.xml:64:13-34
78            android:exported="false" />
78-->src\main\AndroidManifest.xml:65:13-37
79        <activity
79-->src\main\AndroidManifest.xml:66:9-68:40
80            android:name="com.example.new_certi.page3"
80-->src\main\AndroidManifest.xml:67:13-34
81            android:exported="false" />
81-->src\main\AndroidManifest.xml:68:13-37
82        <activity
82-->src\main\AndroidManifest.xml:69:9-71:40
83            android:name="com.example.new_certi.page2"
83-->src\main\AndroidManifest.xml:70:13-34
84            android:exported="false" />
84-->src\main\AndroidManifest.xml:71:13-37
85        <activity
85-->src\main\AndroidManifest.xml:72:9-81:20
86            android:name="com.example.new_certi.SplashActivity"
86-->src\main\AndroidManifest.xml:73:13-43
87            android:exported="true"
87-->src\main\AndroidManifest.xml:74:13-36
88            android:theme="@style/Theme.AppCompat.NoActionBar" >
88-->src\main\AndroidManifest.xml:75:13-63
89            <intent-filter>
89-->src\main\AndroidManifest.xml:76:13-80:29
90                <action android:name="android.intent.action.MAIN" />
90-->src\main\AndroidManifest.xml:77:17-69
90-->src\main\AndroidManifest.xml:77:25-66
91
92                <category android:name="android.intent.category.LAUNCHER" />
92-->src\main\AndroidManifest.xml:79:17-77
92-->src\main\AndroidManifest.xml:79:27-74
93            </intent-filter>
94        </activity>
95        <activity
95-->[com.google.firebase:firebase-auth:22.2.0] AndroidManifest.xml:29:9-46:20
96            android:name="com.google.firebase.auth.internal.GenericIdpActivity"
96-->[com.google.firebase:firebase-auth:22.2.0] AndroidManifest.xml:30:13-80
97            android:excludeFromRecents="true"
97-->[com.google.firebase:firebase-auth:22.2.0] AndroidManifest.xml:31:13-46
98            android:exported="true"
98-->[com.google.firebase:firebase-auth:22.2.0] AndroidManifest.xml:32:13-36
99            android:launchMode="singleTask"
99-->[com.google.firebase:firebase-auth:22.2.0] AndroidManifest.xml:33:13-44
100            android:theme="@android:style/Theme.Translucent.NoTitleBar" >
100-->[com.google.firebase:firebase-auth:22.2.0] AndroidManifest.xml:34:13-72
101            <intent-filter>
101-->[com.google.firebase:firebase-auth:22.2.0] AndroidManifest.xml:35:13-45:29
102                <action android:name="android.intent.action.VIEW" />
102-->[com.google.firebase:firebase-auth:22.2.0] AndroidManifest.xml:36:17-69
102-->[com.google.firebase:firebase-auth:22.2.0] AndroidManifest.xml:36:25-66
103
104                <category android:name="android.intent.category.DEFAULT" />
104-->[com.google.firebase:firebase-auth:22.2.0] AndroidManifest.xml:38:17-76
104-->[com.google.firebase:firebase-auth:22.2.0] AndroidManifest.xml:38:27-73
105                <category android:name="android.intent.category.BROWSABLE" />
105-->[com.google.firebase:firebase-auth:22.2.0] AndroidManifest.xml:39:17-78
105-->[com.google.firebase:firebase-auth:22.2.0] AndroidManifest.xml:39:27-75
106
107                <data
107-->[com.google.firebase:firebase-auth:22.2.0] AndroidManifest.xml:41:17-44:51
108                    android:host="firebase.auth"
108-->[com.google.firebase:firebase-auth:22.2.0] AndroidManifest.xml:42:21-49
109                    android:path="/"
109-->[com.google.firebase:firebase-auth:22.2.0] AndroidManifest.xml:43:21-37
110                    android:scheme="genericidp" />
110-->[com.google.firebase:firebase-auth:22.2.0] AndroidManifest.xml:44:21-48
111            </intent-filter>
112        </activity>
113        <activity
113-->[com.google.firebase:firebase-auth:22.2.0] AndroidManifest.xml:47:9-64:20
114            android:name="com.google.firebase.auth.internal.RecaptchaActivity"
114-->[com.google.firebase:firebase-auth:22.2.0] AndroidManifest.xml:48:13-79
115            android:excludeFromRecents="true"
115-->[com.google.firebase:firebase-auth:22.2.0] AndroidManifest.xml:49:13-46
116            android:exported="true"
116-->[com.google.firebase:firebase-auth:22.2.0] AndroidManifest.xml:50:13-36
117            android:launchMode="singleTask"
117-->[com.google.firebase:firebase-auth:22.2.0] AndroidManifest.xml:51:13-44
118            android:theme="@android:style/Theme.Translucent.NoTitleBar" >
118-->[com.google.firebase:firebase-auth:22.2.0] AndroidManifest.xml:52:13-72
119            <intent-filter>
119-->[com.google.firebase:firebase-auth:22.2.0] AndroidManifest.xml:53:13-63:29
120                <action android:name="android.intent.action.VIEW" />
120-->[com.google.firebase:firebase-auth:22.2.0] AndroidManifest.xml:36:17-69
120-->[com.google.firebase:firebase-auth:22.2.0] AndroidManifest.xml:36:25-66
121
122                <category android:name="android.intent.category.DEFAULT" />
122-->[com.google.firebase:firebase-auth:22.2.0] AndroidManifest.xml:38:17-76
122-->[com.google.firebase:firebase-auth:22.2.0] AndroidManifest.xml:38:27-73
123                <category android:name="android.intent.category.BROWSABLE" />
123-->[com.google.firebase:firebase-auth:22.2.0] AndroidManifest.xml:39:17-78
123-->[com.google.firebase:firebase-auth:22.2.0] AndroidManifest.xml:39:27-75
124
125                <data
125-->[com.google.firebase:firebase-auth:22.2.0] AndroidManifest.xml:41:17-44:51
126                    android:host="firebase.auth"
126-->[com.google.firebase:firebase-auth:22.2.0] AndroidManifest.xml:42:21-49
127                    android:path="/"
127-->[com.google.firebase:firebase-auth:22.2.0] AndroidManifest.xml:43:21-37
128                    android:scheme="recaptcha" />
128-->[com.google.firebase:firebase-auth:22.2.0] AndroidManifest.xml:44:21-48
129            </intent-filter>
130        </activity>
131
132        <service
132-->[com.google.firebase:firebase-auth:22.2.0] AndroidManifest.xml:66:9-72:19
133            android:name="com.google.firebase.components.ComponentDiscoveryService"
133-->[com.google.firebase:firebase-auth:22.2.0] AndroidManifest.xml:67:13-84
134            android:directBootAware="true"
134-->[com.google.firebase:firebase-common:20.4.2] AndroidManifest.xml:32:13-43
135            android:exported="false" >
135-->[com.google.firebase:firebase-auth:22.2.0] AndroidManifest.xml:68:13-37
136            <meta-data
136-->[com.google.firebase:firebase-auth:22.2.0] AndroidManifest.xml:69:13-71:85
137                android:name="com.google.firebase.components:com.google.firebase.auth.FirebaseAuthRegistrar"
137-->[com.google.firebase:firebase-auth:22.2.0] AndroidManifest.xml:70:17-109
138                android:value="com.google.firebase.components.ComponentRegistrar" />
138-->[com.google.firebase:firebase-auth:22.2.0] AndroidManifest.xml:71:17-82
139            <meta-data
139-->[com.google.firebase:firebase-common-ktx:20.4.2] AndroidManifest.xml:12:13-14:85
140                android:name="com.google.firebase.components:com.google.firebase.ktx.FirebaseCommonLegacyRegistrar"
140-->[com.google.firebase:firebase-common-ktx:20.4.2] AndroidManifest.xml:13:17-116
141                android:value="com.google.firebase.components.ComponentRegistrar" />
141-->[com.google.firebase:firebase-common-ktx:20.4.2] AndroidManifest.xml:14:17-82
142            <meta-data
142-->[com.google.firebase:firebase-common:20.4.2] AndroidManifest.xml:35:13-37:85
143                android:name="com.google.firebase.components:com.google.firebase.FirebaseCommonKtxRegistrar"
143-->[com.google.firebase:firebase-common:20.4.2] AndroidManifest.xml:36:17-109
144                android:value="com.google.firebase.components.ComponentRegistrar" />
144-->[com.google.firebase:firebase-common:20.4.2] AndroidManifest.xml:37:17-82
145        </service>
146
147        <provider
147-->[com.google.firebase:firebase-common:20.4.2] AndroidManifest.xml:23:9-28:39
148            android:name="com.google.firebase.provider.FirebaseInitProvider"
148-->[com.google.firebase:firebase-common:20.4.2] AndroidManifest.xml:24:13-77
149            android:authorities="com.example.new_certi.firebaseinitprovider"
149-->[com.google.firebase:firebase-common:20.4.2] AndroidManifest.xml:25:13-72
150            android:directBootAware="true"
150-->[com.google.firebase:firebase-common:20.4.2] AndroidManifest.xml:26:13-43
151            android:exported="false"
151-->[com.google.firebase:firebase-common:20.4.2] AndroidManifest.xml:27:13-37
152            android:initOrder="100" />
152-->[com.google.firebase:firebase-common:20.4.2] AndroidManifest.xml:28:13-36
153
154        <activity
154-->[com.google.android.gms:play-services-base:18.0.1] AndroidManifest.xml:20:9-22:45
155            android:name="com.google.android.gms.common.api.GoogleApiActivity"
155-->[com.google.android.gms:play-services-base:18.0.1] AndroidManifest.xml:20:19-85
156            android:exported="false"
156-->[com.google.android.gms:play-services-base:18.0.1] AndroidManifest.xml:22:19-43
157            android:theme="@android:style/Theme.Translucent.NoTitleBar" />
157-->[com.google.android.gms:play-services-base:18.0.1] AndroidManifest.xml:21:19-78
158
159        <provider
159-->[androidx.emoji2:emoji2:1.2.0] AndroidManifest.xml:24:9-32:20
160            android:name="androidx.startup.InitializationProvider"
160-->[androidx.emoji2:emoji2:1.2.0] AndroidManifest.xml:25:13-67
161            android:authorities="com.example.new_certi.androidx-startup"
161-->[androidx.emoji2:emoji2:1.2.0] AndroidManifest.xml:26:13-68
162            android:exported="false" >
162-->[androidx.emoji2:emoji2:1.2.0] AndroidManifest.xml:27:13-37
163            <meta-data
163-->[androidx.emoji2:emoji2:1.2.0] AndroidManifest.xml:29:13-31:52
164                android:name="androidx.emoji2.text.EmojiCompatInitializer"
164-->[androidx.emoji2:emoji2:1.2.0] AndroidManifest.xml:30:17-75
165                android:value="androidx.startup" />
165-->[androidx.emoji2:emoji2:1.2.0] AndroidManifest.xml:31:17-49
166            <meta-data
166-->[androidx.lifecycle:lifecycle-process:2.6.1] AndroidManifest.xml:29:13-31:52
167                android:name="androidx.lifecycle.ProcessLifecycleInitializer"
167-->[androidx.lifecycle:lifecycle-process:2.6.1] AndroidManifest.xml:30:17-78
168                android:value="androidx.startup" />
168-->[androidx.lifecycle:lifecycle-process:2.6.1] AndroidManifest.xml:31:17-49
169            <meta-data
169-->[androidx.profileinstaller:profileinstaller:1.3.0] AndroidManifest.xml:29:13-31:52
170                android:name="androidx.profileinstaller.ProfileInstallerInitializer"
170-->[androidx.profileinstaller:profileinstaller:1.3.0] AndroidManifest.xml:30:17-85
171                android:value="androidx.startup" />
171-->[androidx.profileinstaller:profileinstaller:1.3.0] AndroidManifest.xml:31:17-49
172        </provider>
173
174        <meta-data
174-->[com.google.android.gms:play-services-basement:18.1.0] AndroidManifest.xml:21:9-23:69
175            android:name="com.google.android.gms.version"
175-->[com.google.android.gms:play-services-basement:18.1.0] AndroidManifest.xml:22:13-58
176            android:value="@integer/google_play_services_version" />
176-->[com.google.android.gms:play-services-basement:18.1.0] AndroidManifest.xml:23:13-66
177
178        <receiver
178-->[androidx.profileinstaller:profileinstaller:1.3.0] AndroidManifest.xml:34:9-52:20
179            android:name="androidx.profileinstaller.ProfileInstallReceiver"
179-->[androidx.profileinstaller:profileinstaller:1.3.0] AndroidManifest.xml:35:13-76
180            android:directBootAware="false"
180-->[androidx.profileinstaller:profileinstaller:1.3.0] AndroidManifest.xml:36:13-44
181            android:enabled="true"
181-->[androidx.profileinstaller:profileinstaller:1.3.0] AndroidManifest.xml:37:13-35
182            android:exported="true"
182-->[androidx.profileinstaller:profileinstaller:1.3.0] AndroidManifest.xml:38:13-36
183            android:permission="android.permission.DUMP" >
183-->[androidx.profileinstaller:profileinstaller:1.3.0] AndroidManifest.xml:39:13-57
184            <intent-filter>
184-->[androidx.profileinstaller:profileinstaller:1.3.0] AndroidManifest.xml:40:13-42:29
185                <action android:name="androidx.profileinstaller.action.INSTALL_PROFILE" />
185-->[androidx.profileinstaller:profileinstaller:1.3.0] AndroidManifest.xml:41:17-91
185-->[androidx.profileinstaller:profileinstaller:1.3.0] AndroidManifest.xml:41:25-88
186            </intent-filter>
187            <intent-filter>
187-->[androidx.profileinstaller:profileinstaller:1.3.0] AndroidManifest.xml:43:13-45:29
188                <action android:name="androidx.profileinstaller.action.SKIP_FILE" />
188-->[androidx.profileinstaller:profileinstaller:1.3.0] AndroidManifest.xml:44:17-85
188-->[androidx.profileinstaller:profileinstaller:1.3.0] AndroidManifest.xml:44:25-82
189            </intent-filter>
190            <intent-filter>
190-->[androidx.profileinstaller:profileinstaller:1.3.0] AndroidManifest.xml:46:13-48:29
191                <action android:name="androidx.profileinstaller.action.SAVE_PROFILE" />
191-->[androidx.profileinstaller:profileinstaller:1.3.0] AndroidManifest.xml:47:17-88
191-->[androidx.profileinstaller:profileinstaller:1.3.0] AndroidManifest.xml:47:25-85
192            </intent-filter>
193            <intent-filter>
193-->[androidx.profileinstaller:profileinstaller:1.3.0] AndroidManifest.xml:49:13-51:29
194                <action android:name="androidx.profileinstaller.action.BENCHMARK_OPERATION" />
194-->[androidx.profileinstaller:profileinstaller:1.3.0] AndroidManifest.xml:50:17-95
194-->[androidx.profileinstaller:profileinstaller:1.3.0] AndroidManifest.xml:50:25-92
195            </intent-filter>
196        </receiver>
197    </application>
198
199</manifest>